0 info it worked if it ends with ok
1 verbose cli [ '/home/oracle/node-v6.10.2-linux-x64/bin/node',
1 verbose cli   '/home/oracle/node-v6.10.2-linux-x64/bin/npm',
1 verbose cli   'start' ]
2 info using npm@3.10.10
3 info using node@v6.10.2
4 verbose run-script [ 'prestart', 'start', 'poststart' ]
5 info lifecycle javadaynodejsdemo@0.0.0~prestart: javadaynodejsdemo@0.0.0
6 silly lifecycle javadaynodejsdemo@0.0.0~prestart: no script for prestart, continuing
7 info lifecycle javadaynodejsdemo@0.0.0~start: javadaynodejsdemo@0.0.0
8 verbose lifecycle javadaynodejsdemo@0.0.0~start: unsafe-perm in lifecycle true
9 verbose lifecycle javadaynodejsdemo@0.0.0~start: PATH: /home/oracle/node-v6.10.2-linux-x64/lib/node_modules/npm/bin/node-gyp-bin:/home/oracle/node-v6.10.2-linux-x64/lib/node_modules/npm/javaDayNodejsDemo/node_modules/.bin:/home/oracle/node-v6.10.2-linux-x64/lib/node_modules/.bin:/usr/lib64/qt-3.3/bin:/home/oracle/node-v6.10.2-linux-x64/bin:/home/oracle/jdk1.8.0_131/bin:/usr/local/bin:/usr/local/sbin:/usr/bin:/usr/sbin:/bin:/sbin:/home/oracle/.local/bin:/home/oracle/bin
10 verbose lifecycle javadaynodejsdemo@0.0.0~start: CWD: /home/oracle/node-v6.10.2-linux-x64/lib/node_modules/npm/javaDayNodejsDemo
11 silly lifecycle javadaynodejsdemo@0.0.0~start: Args: [ '-c', 'node ./bin/www' ]
12 silly lifecycle javadaynodejsdemo@0.0.0~start: Returned: code: 1  signal: null
13 info lifecycle javadaynodejsdemo@0.0.0~start: Failed to exec start script
14 verbose stack Error: javadaynodejsdemo@0.0.0 start: `node ./bin/www`
14 verbose stack Exit status 1
14 verbose stack     at EventEmitter.<anonymous> (/home/oracle/node-v6.10.2-linux-x64/lib/node_modules/npm/lib/utils/lifecycle.js:255:16)
14 verbose stack     at emitTwo (events.js:106:13)
14 verbose stack     at EventEmitter.emit (events.js:191:7)
14 verbose stack     at ChildProcess.<anonymous> (/home/oracle/node-v6.10.2-linux-x64/lib/node_modules/npm/lib/utils/spawn.js:40:14)
14 verbose stack     at emitTwo (events.js:106:13)
14 verbose stack     at ChildProcess.emit (events.js:191:7)
14 verbose stack     at maybeClose (internal/child_process.js:886:16)
14 verbose stack     at Process.ChildProcess._handle.onexit (internal/child_process.js:226:5)
15 verbose pkgid javadaynodejsdemo@0.0.0
16 verbose cwd /home/oracle/node-v6.10.2-linux-x64/lib/node_modules/npm/javaDayNodejsDemo
17 error Linux 4.1.12-37.2.2.el7uek.x86_64
18 error argv "/home/oracle/node-v6.10.2-linux-x64/bin/node" "/home/oracle/node-v6.10.2-linux-x64/bin/npm" "start"
19 error node v6.10.2
20 error npm  v3.10.10
21 error code ELIFECYCLE
22 error javadaynodejsdemo@0.0.0 start: `node ./bin/www`
22 error Exit status 1
23 error Failed at the javadaynodejsdemo@0.0.0 start script 'node ./bin/www'.
23 error Make sure you have the latest version of node.js and npm installed.
23 error If you do, this is most likely a problem with the javadaynodejsdemo package,
23 error not with npm itself.
23 error Tell the author that this fails on your system:
23 error     node ./bin/www
23 error You can get information on how to open an issue for this project with:
23 error     npm bugs javadaynodejsdemo
23 error Or if that isn't available, you can get their info via:
23 error     npm owner ls javadaynodejsdemo
23 error There is likely additional logging output above.
24 verbose exit [ 1, true ]
